This file contains any messages produced by compilers while
running configure, to aid debugging if configure makes a mistake.

It was created by RADProc configure 1.0, which was
generated by GNU Autoconf 2.69.  Invocation command line was

  $ ./configure 

## --------- ##
## Platform. ##
## --------- ##

hostname = Suriakalas-MacBook-Air.local
uname -m = x86_64
uname -r = 13.4.0
uname -s = Darwin
uname -v = Darwin Kernel Version 13.4.0: Wed Dec 17 19:05:52 PST 2014; root:xnu-2422.115.10~1/RELEASE_X86_64

/usr/bin/uname -p = i386
/bin/uname -X     = unknown

/bin/arch              = unknown
/usr/bin/arch -k       = unknown
/usr/convex/getsysinfo = unknown
/usr/bin/hostinfo      = Mach kernel version:
	 Darwin Kernel Version 13.4.0: Wed Dec 17 19:05:52 PST 2014; root:xnu-2422.115.10~1/RELEASE_X86_64
Kernel configured for up to 4 processors.
2 processors are physically available.
4 processors are logically available.
Processor type: i486 (Intel 80486)
Processors active: 0 1 2 3
Primary memory available: 8.00 gigabytes
Default processor set: 200 tasks, 1440 threads, 4 processors
Load average: 1.03, Mach factor: 2.96
/bin/machine           = unknown
/usr/bin/oslevel       = unknown
/bin/universe          = unknown

PATH: /usr/local/bin
PATH: /usr/bin
PATH: /bin
PATH: /usr/sbin
PATH: /sbin
PATH: /usr/local/bin
PATH: /opt/X11/bin


## ----------- ##
## Core tests. ##
## ----------- ##

configure:2299: checking for a BSD-compatible install
configure:2367: result: /usr/bin/install -c
configure:2378: checking whether build environment is sane
configure:2433: result: yes
configure:2584: checking for a thread-safe mkdir -p
configure:2623: result: config/install-sh -c -d
configure:2630: checking for gawk
configure:2660: result: no
configure:2630: checking for mawk
configure:2660: result: no
configure:2630: checking for nawk
configure:2660: result: no
configure:2630: checking for awk
configure:2646: found /usr/bin/awk
configure:2657: result: awk
configure:2668: checking whether make sets $(MAKE)
configure:2690: result: yes
configure:2719: checking whether make supports nested variables
configure:2736: result: yes
configure:2951: checking for g++
configure:2967: found /usr/local/bin/g++
configure:2978: result: g++
configure:3005: checking for C++ compiler version
configure:3014: g++ --version >&5
g++ (GCC) 5.1.0
Copyright (C) 2015 Free Software Foundation, Inc.
This is free software; see the source for copying conditions.  There is NO
warranty; not even for MERCHANTABILITY or FITNESS FOR A PARTICULAR PURPOSE.

configure:3025: $? = 0
configure:3014: g++ -v >&5
Using built-in specs.
COLLECT_GCC=g++
COLLECT_LTO_WRAPPER=/usr/local/libexec/gcc/x86_64-apple-darwin14.4.0/5.1.0/lto-wrapper
Target: x86_64-apple-darwin14.4.0
Configured with: ../gcc-5.1.0/configure --enable-languages=c++,fortran
Thread model: posix
gcc version 5.1.0 (GCC) 
configure:3025: $? = 0
configure:3014: g++ -V >&5
g++: error: unrecognized command line option '-V'
g++: fatal error: no input files
compilation terminated.
configure:3025: $? = 1
configure:3014: g++ -qversion >&5
g++: error: unrecognized command line option '-qversion'
g++: fatal error: no input files
compilation terminated.
configure:3025: $? = 1
configure:3045: checking whether the C++ compiler works
configure:3067: g++    conftest.cpp  >&5
configure:3071: $? = 0
configure:3119: result: yes
configure:3122: checking for C++ compiler default output file name
configure:3124: result: a.out
configure:3130: checking for suffix of executables
configure:3137: g++ -o conftest    conftest.cpp  >&5
configure:3141: $? = 0
configure:3163: result: 
configure:3185: checking whether we are cross compiling
configure:3193: g++ -o conftest    conftest.cpp  >&5
configure:3197: $? = 0
configure:3204: ./conftest
configure:3208: $? = 0
configure:3223: result: no
configure:3228: checking for suffix of object files
configure:3250: g++ -c   conftest.cpp >&5
configure:3254: $? = 0
configure:3275: result: o
configure:3279: checking whether we are using the GNU C++ compiler
configure:3298: g++ -c   conftest.cpp >&5
configure:3298: $? = 0
configure:3307: result: yes
configure:3316: checking whether g++ accepts -g
configure:3336: g++ -c -g  conftest.cpp >&5
configure:3336: $? = 0
configure:3377: result: yes
configure:3411: checking for style of include used by make
configure:3439: result: GNU
configure:3465: checking dependency style of g++
configure:3576: result: gcc3
configure:3639: checking for gcc
configure:3655: found /usr/local/bin/gcc
configure:3666: result: gcc
configure:3895: checking for C compiler version
configure:3904: gcc --version >&5
gcc (GCC) 5.1.0
Copyright (C) 2015 Free Software Foundation, Inc.
This is free software; see the source for copying conditions.  There is NO
warranty; not even for MERCHANTABILITY or FITNESS FOR A PARTICULAR PURPOSE.

configure:3915: $? = 0
configure:3904: gcc -v >&5
Using built-in specs.
COLLECT_GCC=gcc
COLLECT_LTO_WRAPPER=/usr/local/libexec/gcc/x86_64-apple-darwin14.4.0/5.1.0/lto-wrapper
Target: x86_64-apple-darwin14.4.0
Configured with: ../gcc-5.1.0/configure --enable-languages=c++,fortran
Thread model: posix
gcc version 5.1.0 (GCC) 
configure:3915: $? = 0
configure:3904: gcc -V >&5
gcc: error: unrecognized command line option '-V'
gcc: fatal error: no input files
compilation terminated.
configure:3915: $? = 1
configure:3904: gcc -qversion >&5
gcc: error: unrecognized command line option '-qversion'
gcc: fatal error: no input files
compilation terminated.
configure:3915: $? = 1
configure:3919: checking whether we are using the GNU C compiler
configure:3938: gcc -c   conftest.c >&5
configure:3938: $? = 0
configure:3947: result: yes
configure:3956: checking whether gcc accepts -g
configure:3976: gcc -c -g  conftest.c >&5
configure:3976: $? = 0
configure:4017: result: yes
configure:4034: checking for gcc option to accept ISO C89
configure:4097: gcc  -c -g -O2  conftest.c >&5
configure:4097: $? = 0
configure:4110: result: none needed
configure:4135: checking whether gcc understands -c and -o together
configure:4157: gcc -c conftest.c -o conftest2.o
configure:4160: $? = 0
configure:4157: gcc -c conftest.c -o conftest2.o
configure:4160: $? = 0
configure:4172: result: yes
configure:4191: checking dependency style of gcc
configure:4302: result: gcc3
configure:4326: checking whether g++ supports C++11 features by default
configure:4352: g++ -c -g -O2  conftest.cpp >&5
conftest.cpp:15:21: error: expected identifier before 'sizeof'
       static_assert(sizeof(int) <= sizeof(T), "not big enough");
                     ^
conftest.cpp:15:21: error: expected ',' or '...' before 'sizeof'
conftest.cpp:15:63: error: ISO C++ forbids declaration of 'static_assert' with no type [-fpermissive]
       static_assert(sizeof(int) <= sizeof(T), "not big enough");
                                                               ^
conftest.cpp:18:29: error: '>>' should be '> >' within a nested template argument list
     typedef check<check<bool>> right_angle_brackets;
                             ^
conftest.cpp:21:13: error: expected constructor, destructor, or type conversion before '(' token
     decltype(a) b;
             ^
conftest.cpp:25:15: error: expected unqualified-id before '&&' token
     check_type&& cr = static_cast<check_type&&>(c);
               ^
conftest.cpp:27:10: error: 'd' does not name a type
     auto d = a;
          ^
configure:4352: $? = 1
configure: failed program was:
| /* confdefs.h */
| #define PACKAGE_NAME "RADProc"
| #define PACKAGE_TARNAME "radproc"
| #define PACKAGE_VERSION "1.0"
| #define PACKAGE_STRING "RADProc 1.0"
| #define PACKAGE_BUGREPORT ""
| #define PACKAGE_URL ""
| #define PACKAGE "radproc"
| #define VERSION "1.0"
| /* end confdefs.h.  */
| 
|   template <typename T>
|     struct check
|     {
|       static_assert(sizeof(int) <= sizeof(T), "not big enough");
|     };
| 
|     typedef check<check<bool>> right_angle_brackets;
| 
|     int a;
|     decltype(a) b;
| 
|     typedef check<int> check_type;
|     check_type c;
|     check_type&& cr = static_cast<check_type&&>(c);
| 
|     auto d = a;
| 
configure:4359: result: no
configure:4368: checking whether g++ supports C++11 features with -std=gnu++11
configure:4396: g++ -c -g -O2 -std=gnu++11  conftest.cpp >&5
configure:4396: $? = 0
configure:4405: result: yes
configure:4492: checking for omp_set_num_threads in -lgomp
configure:4517: gcc -o conftest -g -O2   conftest.c -lgomp   >&5
configure:4517: $? = 0
configure:4526: result: yes
configure:4540: checking for gzread in -lz
configure:4565: gcc -o conftest -g -O2   conftest.c -lz  -lgomp  >&5
configure:4565: $? = 0
configure:4574: result: yes
configure:4592: checking for dirent.h that defines DIR
configure:4611: gcc -c -g -O2  conftest.c >&5
configure:4611: $? = 0
configure:4619: result: yes
configure:4632: checking for library containing opendir
configure:4663: gcc -o conftest -g -O2   conftest.c -lz -lgomp  >&5
configure:4663: $? = 0
configure:4680: result: none required
configure:4752: checking how to run the C preprocessor
configure:4783: gcc -E  conftest.c
configure:4783: $? = 0
configure:4797: gcc -E  conftest.c
conftest.c:15:28: fatal error: ac_nonexistent.h: No such file or directory
compilation terminated.
configure:4797: $? = 1
configure: failed program was:
| /* confdefs.h */
| #define PACKAGE_NAME "RADProc"
| #define PACKAGE_TARNAME "radproc"
| #define PACKAGE_VERSION "1.0"
| #define PACKAGE_STRING "RADProc 1.0"
| #define PACKAGE_BUGREPORT ""
| #define PACKAGE_URL ""
| #define PACKAGE "radproc"
| #define VERSION "1.0"
| #define HAVE_CXX11 1
| #define HAVE_LIBGOMP 1
| #define HAVE_LIBZ 1
| #define HAVE_DIRENT_H 1
| /* end confdefs.h.  */
| #include <ac_nonexistent.h>
configure:4822: result: gcc -E
configure:4842: gcc -E  conftest.c
configure:4842: $? = 0
configure:4856: gcc -E  conftest.c
conftest.c:15:28: fatal error: ac_nonexistent.h: No such file or directory
compilation terminated.
configure:4856: $? = 1
configure: failed program was:
| /* confdefs.h */
| #define PACKAGE_NAME "RADProc"
| #define PACKAGE_TARNAME "radproc"
| #define PACKAGE_VERSION "1.0"
| #define PACKAGE_STRING "RADProc 1.0"
| #define PACKAGE_BUGREPORT ""
| #define PACKAGE_URL ""
| #define PACKAGE "radproc"
| #define VERSION "1.0"
| #define HAVE_CXX11 1
| #define HAVE_LIBGOMP 1
| #define HAVE_LIBZ 1
| #define HAVE_DIRENT_H 1
| /* end confdefs.h.  */
| #include <ac_nonexistent.h>
configure:4885: checking for grep that handles long lines and -e
configure:4943: result: /usr/bin/grep
configure:4948: checking for egrep
configure:5010: result: /usr/bin/grep -E
configure:5015: checking for ANSI C header files
configure:5035: gcc -c -g -O2  conftest.c >&5
configure:5035: $? = 0
configure:5108: gcc -o conftest -g -O2   conftest.c -lz -lgomp  >&5
configure:5108: $? = 0
configure:5108: ./conftest
configure:5108: $? = 0
configure:5119: result: yes
configure:5132: checking for sys/types.h
configure:5132: gcc -c -g -O2  conftest.c >&5
configure:5132: $? = 0
configure:5132: result: yes
configure:5132: checking for sys/stat.h
configure:5132: gcc -c -g -O2  conftest.c >&5
configure:5132: $? = 0
configure:5132: result: yes
configure:5132: checking for stdlib.h
configure:5132: gcc -c -g -O2  conftest.c >&5
configure:5132: $? = 0
configure:5132: result: yes
configure:5132: checking for string.h
configure:5132: gcc -c -g -O2  conftest.c >&5
configure:5132: $? = 0
configure:5132: result: yes
configure:5132: checking for memory.h
configure:5132: gcc -c -g -O2  conftest.c >&5
configure:5132: $? = 0
configure:5132: result: yes
configure:5132: checking for strings.h
configure:5132: gcc -c -g -O2  conftest.c >&5
configure:5132: $? = 0
configure:5132: result: yes
configure:5132: checking for inttypes.h
configure:5132: gcc -c -g -O2  conftest.c >&5
configure:5132: $? = 0
configure:5132: result: yes
configure:5132: checking for stdint.h
configure:5132: gcc -c -g -O2  conftest.c >&5
configure:5132: $? = 0
configure:5132: result: yes
configure:5132: checking for unistd.h
configure:5132: gcc -c -g -O2  conftest.c >&5
configure:5132: $? = 0
configure:5132: result: yes
configure:5147: checking float.h usability
configure:5147: gcc -c -g -O2  conftest.c >&5
configure:5147: $? = 0
configure:5147: result: yes
configure:5147: checking float.h presence
configure:5147: gcc -E  conftest.c
configure:5147: $? = 0
configure:5147: result: yes
configure:5147: checking for float.h
configure:5147: result: yes
configure:5147: checking limits.h usability
configure:5147: gcc -c -g -O2  conftest.c >&5
configure:5147: $? = 0
configure:5147: result: yes
configure:5147: checking limits.h presence
configure:5147: gcc -E  conftest.c
configure:5147: $? = 0
configure:5147: result: yes
configure:5147: checking for limits.h
configure:5147: result: yes
configure:5147: checking for stdlib.h
configure:5147: result: yes
configure:5147: checking for string.h
configure:5147: result: yes
configure:5167: checking for gcc option to support OpenMP
configure:5182: gcc -o conftest -g -O2   conftest.c -lz -lgomp  >&5
conftest.c:31:2: error: unknown type name 'choke'
  choke me
  ^
In file included from conftest.c:33:0:
/usr/local/lib/gcc/x86_64-apple-darwin14.4.0/5.1.0/include/omp.h:35:1: error: expected '=', ',', ';', 'asm' or '__attribute__' before 'typedef'
 typedef struct
 ^
configure:5182: $? = 1
configure: failed program was:
| /* confdefs.h */
| #define PACKAGE_NAME "RADProc"
| #define PACKAGE_TARNAME "radproc"
| #define PACKAGE_VERSION "1.0"
| #define PACKAGE_STRING "RADProc 1.0"
| #define PACKAGE_BUGREPORT ""
| #define PACKAGE_URL ""
| #define PACKAGE "radproc"
| #define VERSION "1.0"
| #define HAVE_CXX11 1
| #define HAVE_LIBGOMP 1
| #define HAVE_LIBZ 1
| #define HAVE_DIRENT_H 1
| #define STDC_HEADERS 1
| #define HAVE_SYS_TYPES_H 1
| #define HAVE_SYS_STAT_H 1
| #define HAVE_STDLIB_H 1
| #define HAVE_STRING_H 1
| #define HAVE_MEMORY_H 1
| #define HAVE_STRINGS_H 1
| #define HAVE_INTTYPES_H 1
| #define HAVE_STDINT_H 1
| #define HAVE_UNISTD_H 1
| #define HAVE_FLOAT_H 1
| #define HAVE_LIMITS_H 1
| #define HAVE_STDLIB_H 1
| #define HAVE_STRING_H 1
| /* end confdefs.h.  */
| 
| #ifndef _OPENMP
|  choke me
| #endif
| #include <omp.h>
| int main () { return omp_get_num_threads (); }
| 
configure:5200: gcc -o conftest -g -O2 -fopenmp   conftest.c -lz -lgomp  >&5
configure:5200: $? = 0
configure:5214: result: -fopenmp
configure:5227: checking for stdbool.h that conforms to C99
configure:5294: gcc -c -g -O2  conftest.c >&5
configure:5294: $? = 0
configure:5301: result: yes
configure:5303: checking for _Bool
configure:5303: gcc -c -g -O2  conftest.c >&5
configure:5303: $? = 0
configure:5303: gcc -c -g -O2  conftest.c >&5
conftest.c: In function 'main':
conftest.c:65:20: error: expected expression before ')' token
 if (sizeof ((_Bool)))
                    ^
configure:5303: $? = 1
configure: failed program was:
| /* confdefs.h */
| #define PACKAGE_NAME "RADProc"
| #define PACKAGE_TARNAME "radproc"
| #define PACKAGE_VERSION "1.0"
| #define PACKAGE_STRING "RADProc 1.0"
| #define PACKAGE_BUGREPORT ""
| #define PACKAGE_URL ""
| #define PACKAGE "radproc"
| #define VERSION "1.0"
| #define HAVE_CXX11 1
| #define HAVE_LIBGOMP 1
| #define HAVE_LIBZ 1
| #define HAVE_DIRENT_H 1
| #define STDC_HEADERS 1
| #define HAVE_SYS_TYPES_H 1
| #define HAVE_SYS_STAT_H 1
| #define HAVE_STDLIB_H 1
| #define HAVE_STRING_H 1
| #define HAVE_MEMORY_H 1
| #define HAVE_STRINGS_H 1
| #define HAVE_INTTYPES_H 1
| #define HAVE_STDINT_H 1
| #define HAVE_UNISTD_H 1
| #define HAVE_FLOAT_H 1
| #define HAVE_LIMITS_H 1
| #define HAVE_STDLIB_H 1
| #define HAVE_STRING_H 1
| /* end confdefs.h.  */
| #include <stdio.h>
| #ifdef HAVE_SYS_TYPES_H
| # include <sys/types.h>
| #endif
| #ifdef HAVE_SYS_STAT_H
| # include <sys/stat.h>
| #endif
| #ifdef STDC_HEADERS
| # include <stdlib.h>
| # include <stddef.h>
| #else
| # ifdef HAVE_STDLIB_H
| #  include <stdlib.h>
| # endif
| #endif
| #ifdef HAVE_STRING_H
| # if !defined STDC_HEADERS && defined HAVE_MEMORY_H
| #  include <memory.h>
| # endif
| # include <string.h>
| #endif
| #ifdef HAVE_STRINGS_H
| # include <strings.h>
| #endif
| #ifdef HAVE_INTTYPES_H
| # include <inttypes.h>
| #endif
| #ifdef HAVE_STDINT_H
| # include <stdint.h>
| #endif
| #ifdef HAVE_UNISTD_H
| # include <unistd.h>
| #endif
| int
| main ()
| {
| if (sizeof ((_Bool)))
| 	    return 0;
|   ;
|   return 0;
| }
configure:5303: result: yes
configure:5320: checking for an ANSI C-conforming const
configure:5386: gcc -c -g -O2  conftest.c >&5
configure:5386: $? = 0
configure:5393: result: yes
configure:5401: checking for size_t
configure:5401: gcc -c -g -O2  conftest.c >&5
configure:5401: $? = 0
configure:5401: gcc -c -g -O2  conftest.c >&5
conftest.c: In function 'main':
conftest.c:67:21: error: expected expression before ')' token
 if (sizeof ((size_t)))
                     ^
configure:5401: $? = 1
configure: failed program was:
| /* confdefs.h */
| #define PACKAGE_NAME "RADProc"
| #define PACKAGE_TARNAME "radproc"
| #define PACKAGE_VERSION "1.0"
| #define PACKAGE_STRING "RADProc 1.0"
| #define PACKAGE_BUGREPORT ""
| #define PACKAGE_URL ""
| #define PACKAGE "radproc"
| #define VERSION "1.0"
| #define HAVE_CXX11 1
| #define HAVE_LIBGOMP 1
| #define HAVE_LIBZ 1
| #define HAVE_DIRENT_H 1
| #define STDC_HEADERS 1
| #define HAVE_SYS_TYPES_H 1
| #define HAVE_SYS_STAT_H 1
| #define HAVE_STDLIB_H 1
| #define HAVE_STRING_H 1
| #define HAVE_MEMORY_H 1
| #define HAVE_STRINGS_H 1
| #define HAVE_INTTYPES_H 1
| #define HAVE_STDINT_H 1
| #define HAVE_UNISTD_H 1
| #define HAVE_FLOAT_H 1
| #define HAVE_LIMITS_H 1
| #define HAVE_STDLIB_H 1
| #define HAVE_STRING_H 1
| #define HAVE__BOOL 1
| #define HAVE_STDBOOL_H 1
| /* end confdefs.h.  */
| #include <stdio.h>
| #ifdef HAVE_SYS_TYPES_H
| # include <sys/types.h>
| #endif
| #ifdef HAVE_SYS_STAT_H
| # include <sys/stat.h>
| #endif
| #ifdef STDC_HEADERS
| # include <stdlib.h>
| # include <stddef.h>
| #else
| # ifdef HAVE_STDLIB_H
| #  include <stdlib.h>
| # endif
| #endif
| #ifdef HAVE_STRING_H
| # if !defined STDC_HEADERS && defined HAVE_MEMORY_H
| #  include <memory.h>
| # endif
| # include <string.h>
| #endif
| #ifdef HAVE_STRINGS_H
| # include <strings.h>
| #endif
| #ifdef HAVE_INTTYPES_H
| # include <inttypes.h>
| #endif
| #ifdef HAVE_STDINT_H
| # include <stdint.h>
| #endif
| #ifdef HAVE_UNISTD_H
| # include <unistd.h>
| #endif
| int
| main ()
| {
| if (sizeof ((size_t)))
| 	    return 0;
|   ;
|   return 0;
| }
configure:5401: result: yes
configure:5414: checking whether closedir returns void
configure:5438: gcc -o conftest -g -O2   conftest.c -lz -lgomp  >&5
configure:5438: $? = 0
configure:5438: ./conftest
configure:5438: $? = 0
configure:5448: result: no
configure:5458: checking for stdlib.h
configure:5458: result: yes
configure:5468: checking for GNU libc compatible malloc
configure:5492: gcc -o conftest -g -O2   conftest.c -lz -lgomp  >&5
configure:5492: $? = 0
configure:5492: ./conftest
configure:5492: $? = 0
configure:5502: result: yes
configure:5525: checking for stdlib.h
configure:5525: result: yes
configure:5535: checking for GNU libc compatible realloc
configure:5559: gcc -o conftest -g -O2   conftest.c -lz -lgomp  >&5
configure:5559: $? = 0
configure:5559: ./conftest
configure:5559: $? = 0
configure:5569: result: yes
configure:5593: checking for floor
configure:5593: gcc -o conftest -g -O2   conftest.c -lz -lgomp  >&5
conftest.c:58:6: warning: conflicting types for built-in function 'floor'
 char floor ();
      ^
configure:5593: $? = 0
configure:5593: result: yes
configure:5593: checking for memset
configure:5593: gcc -o conftest -g -O2   conftest.c -lz -lgomp  >&5
conftest.c:59:6: warning: conflicting types for built-in function 'memset'
 char memset ();
      ^
configure:5593: $? = 0
configure:5593: result: yes
configure:5593: checking for pow
configure:5593: gcc -o conftest -g -O2   conftest.c -lz -lgomp  >&5
conftest.c:60:6: warning: conflicting types for built-in function 'pow'
 char pow ();
      ^
configure:5593: $? = 0
configure:5593: result: yes
configure:5593: checking for sqrt
configure:5593: gcc -o conftest -g -O2   conftest.c -lz -lgomp  >&5
conftest.c:61:6: warning: conflicting types for built-in function 'sqrt'
 char sqrt ();
      ^
configure:5593: $? = 0
configure:5593: result: yes
configure:5608: checking for gawk
configure:5635: result: awk
configure:5758: checking that generated files are newer than configure
configure:5764: result: done
configure:5791: creating ./config.status

## ---------------------- ##
## Running config.status. ##
## ---------------------- ##

This file was extended by RADProc config.status 1.0, which was
generated by GNU Autoconf 2.69.  Invocation command line was

  CONFIG_FILES    = 
  CONFIG_HEADERS  = 
  CONFIG_LINKS    = 
  CONFIG_COMMANDS = 
  $ ./config.status 

on Suriakalas-MacBook-Air.local

config.status:880: creating Makefile
config.status:880: creating src/Makefile
config.status:880: creating config.h
config.status:1109: executing depfiles commands

## ---------------- ##
## Cache variables. ##
## ---------------- ##

ac_cv_c_compiler_gnu=yes
ac_cv_c_const=yes
ac_cv_cxx_compiler_gnu=yes
ac_cv_env_CCC_set=
ac_cv_env_CCC_value=
ac_cv_env_CC_set=
ac_cv_env_CC_value=
ac_cv_env_CFLAGS_set=
ac_cv_env_CFLAGS_value=
ac_cv_env_CPPFLAGS_set=
ac_cv_env_CPPFLAGS_value=
ac_cv_env_CPP_set=
ac_cv_env_CPP_value=
ac_cv_env_CXXFLAGS_set=
ac_cv_env_CXXFLAGS_value=
ac_cv_env_CXX_set=
ac_cv_env_CXX_value=
ac_cv_env_LDFLAGS_set=
ac_cv_env_LDFLAGS_value=
ac_cv_env_LIBS_set=
ac_cv_env_LIBS_value=
ac_cv_env_build_alias_set=
ac_cv_env_build_alias_value=
ac_cv_env_host_alias_set=
ac_cv_env_host_alias_value=
ac_cv_env_target_alias_set=
ac_cv_env_target_alias_value=
ac_cv_func_closedir_void=no
ac_cv_func_floor=yes
ac_cv_func_malloc_0_nonnull=yes
ac_cv_func_memset=yes
ac_cv_func_pow=yes
ac_cv_func_realloc_0_nonnull=yes
ac_cv_func_sqrt=yes
ac_cv_header_dirent_dirent_h=yes
ac_cv_header_float_h=yes
ac_cv_header_inttypes_h=yes
ac_cv_header_limits_h=yes
ac_cv_header_memory_h=yes
ac_cv_header_stdbool_h=yes
ac_cv_header_stdc=yes
ac_cv_header_stdint_h=yes
ac_cv_header_stdlib_h=yes
ac_cv_header_string_h=yes
ac_cv_header_strings_h=yes
ac_cv_header_sys_stat_h=yes
ac_cv_header_sys_types_h=yes
ac_cv_header_unistd_h=yes
ac_cv_lib_gomp_omp_set_num_threads=yes
ac_cv_lib_z_gzread=yes
ac_cv_objext=o
ac_cv_path_EGREP='/usr/bin/grep -E'
ac_cv_path_GREP=/usr/bin/grep
ac_cv_path_install='/usr/bin/install -c'
ac_cv_prog_AWK=awk
ac_cv_prog_CPP='gcc -E'
ac_cv_prog_ac_ct_CC=gcc
ac_cv_prog_ac_ct_CXX=g++
ac_cv_prog_c_openmp=-fopenmp
ac_cv_prog_cc_c89=
ac_cv_prog_cc_g=yes
ac_cv_prog_cxx_g=yes
ac_cv_prog_make_make_set=yes
ac_cv_search_opendir='none required'
ac_cv_type__Bool=yes
ac_cv_type_size_t=yes
am_cv_CC_dependencies_compiler_type=gcc3
am_cv_CXX_dependencies_compiler_type=gcc3
am_cv_make_support_nested_variables=yes
am_cv_prog_cc_c_o=yes
ax_cv_cxx_compile_cxx11=no
ax_cv_cxx_compile_cxx11__std_gnupp11=yes

## ----------------- ##
## Output variables. ##
## ----------------- ##

ACLOCAL='${SHELL} /Users/praveen/Documents/GitHub/RADProc/RADProc/config/missing aclocal-1.14'
AMDEPBACKSLASH='\'
AMDEP_FALSE='#'
AMDEP_TRUE=''
AMTAR='$${TAR-tar}'
AM_BACKSLASH='\'
AM_DEFAULT_V='$(AM_DEFAULT_VERBOSITY)'
AM_DEFAULT_VERBOSITY='1'
AM_V='$(V)'
AUTOCONF='${SHELL} /Users/praveen/Documents/GitHub/RADProc/RADProc/config/missing autoconf'
AUTOHEADER='${SHELL} /Users/praveen/Documents/GitHub/RADProc/RADProc/config/missing autoheader'
AUTOMAKE='${SHELL} /Users/praveen/Documents/GitHub/RADProc/RADProc/config/missing automake-1.14'
AWK='awk'
CC='gcc'
CCDEPMODE='depmode=gcc3'
CFLAGS='-g -O2'
CPP='gcc -E'
CPPFLAGS=''
CXX='g++'
CXXDEPMODE='depmode=gcc3'
CXXFLAGS='-g -O2 -std=gnu++11'
CYGPATH_W='echo'
DEFS='-DHAVE_CONFIG_H'
DEPDIR='.deps'
ECHO_C='\c'
ECHO_N=''
ECHO_T=''
EGREP='/usr/bin/grep -E'
EXEEXT=''
GREP='/usr/bin/grep'
HAVE_CXX11='1'
INSTALL_DATA='${INSTALL} -m 644'
INSTALL_PROGRAM='${INSTALL}'
INSTALL_SCRIPT='${INSTALL}'
INSTALL_STRIP_PROGRAM='$(install_sh) -c -s'
LDFLAGS=''
LIBOBJS=''
LIBS='-lz -lgomp '
LTLIBOBJS=''
MAKEINFO='${SHELL} /Users/praveen/Documents/GitHub/RADProc/RADProc/config/missing makeinfo'
MKDIR_P='config/install-sh -c -d'
OBJEXT='o'
OPENMP_CFLAGS='-fopenmp'
PACKAGE='radproc'
PACKAGE_BUGREPORT=''
PACKAGE_NAME='RADProc'
PACKAGE_STRING='RADProc 1.0'
PACKAGE_TARNAME='radproc'
PACKAGE_URL=''
PACKAGE_VERSION='1.0'
PATH_SEPARATOR=':'
SET_MAKE=''
SHELL='/bin/sh'
SPARSEHASH_CFLAGS=''
STRIP=''
VERSION='1.0'
ac_ct_CC='gcc'
ac_ct_CXX='g++'
am__EXEEXT_FALSE=''
am__EXEEXT_TRUE='#'
am__fastdepCC_FALSE='#'
am__fastdepCC_TRUE=''
am__fastdepCXX_FALSE='#'
am__fastdepCXX_TRUE=''
am__include='include'
am__isrc=''
am__leading_dot='.'
am__nodep='_no'
am__quote=''
am__tar='$${TAR-tar} chof - "$$tardir"'
am__untar='$${TAR-tar} xf -'
bindir='${exec_prefix}/bin'
build_alias=''
datadir='${datarootdir}'
datarootdir='${prefix}/share'
docdir='${datarootdir}/doc/${PACKAGE_TARNAME}'
dvidir='${docdir}'
exec_prefix='${prefix}'
host_alias=''
htmldir='${docdir}'
includedir='${prefix}/include'
infodir='${datarootdir}/info'
install_sh='${SHELL} /Users/praveen/Documents/GitHub/RADProc/RADProc/config/install-sh'
libdir='${exec_prefix}/lib'
libexecdir='${exec_prefix}/libexec'
localedir='${datarootdir}/locale'
localstatedir='${prefix}/var'
mandir='${datarootdir}/man'
mkdir_p='$(MKDIR_P)'
oldincludedir='/usr/include'
pdfdir='${docdir}'
prefix='/usr/local'
program_transform_name='s,x,x,'
psdir='${docdir}'
sbindir='${exec_prefix}/sbin'
sharedstatedir='${prefix}/com'
sysconfdir='${prefix}/etc'
target_alias=''

## ----------- ##
## confdefs.h. ##
## ----------- ##

/* confdefs.h */
#define PACKAGE_NAME "RADProc"
#define PACKAGE_TARNAME "radproc"
#define PACKAGE_VERSION "1.0"
#define PACKAGE_STRING "RADProc 1.0"
#define PACKAGE_BUGREPORT ""
#define PACKAGE_URL ""
#define PACKAGE "radproc"
#define VERSION "1.0"
#define HAVE_CXX11 1
#define HAVE_LIBGOMP 1
#define HAVE_LIBZ 1
#define HAVE_DIRENT_H 1
#define STDC_HEADERS 1
#define HAVE_SYS_TYPES_H 1
#define HAVE_SYS_STAT_H 1
#define HAVE_STDLIB_H 1
#define HAVE_STRING_H 1
#define HAVE_MEMORY_H 1
#define HAVE_STRINGS_H 1
#define HAVE_INTTYPES_H 1
#define HAVE_STDINT_H 1
#define HAVE_UNISTD_H 1
#define HAVE_FLOAT_H 1
#define HAVE_LIMITS_H 1
#define HAVE_STDLIB_H 1
#define HAVE_STRING_H 1
#define HAVE__BOOL 1
#define HAVE_STDBOOL_H 1
#define HAVE_STDLIB_H 1
#define HAVE_MALLOC 1
#define HAVE_STDLIB_H 1
#define HAVE_REALLOC 1
#define HAVE_FLOOR 1
#define HAVE_MEMSET 1
#define HAVE_POW 1
#define HAVE_SQRT 1

configure: exit 0

## ---------------------- ##
## Running config.status. ##
## ---------------------- ##

This file was extended by RADProc config.status 1.0, which was
generated by GNU Autoconf 2.69.  Invocation command line was

  CONFIG_FILES    = 
  CONFIG_HEADERS  = 
  CONFIG_LINKS    = 
  CONFIG_COMMANDS = 
  $ ./config.status config.h

on Suriakalas-MacBook-Air.local

config.status:880: creating config.h
config.status:1061: config.h is unchanged
